dims=2
 size1 = 4  size2=4
s_sum =230400 d_sum = 230400
ssize= 4 dsize=4
x[0] = 0  y[0] = 0
x[1] = 0  y[1] = 0
dist_func = 0
x[0] = 0  y[0] = 0
x[1] = 0  y[1] = 1
dist_func = 1
x[0] = 0  y[0] = 1
x[1] = 0  y[1] = 0
dist_func = 1
x[0] = 0  y[0] = 1
x[1] = 0  y[1] = 1
dist_func = 2
x[0] = 0  y[0] = 0
x[1] = 1  y[1] = 0
dist_func = 1
x[0] = 0  y[0] = 0
x[1] = 1  y[1] = 1
dist_func = 0
x[0] = 0  y[0] = 1
x[1] = 1  y[1] = 0
dist_func = 2
x[0] = 0  y[0] = 1
x[1] = 1  y[1] = 1
dist_func = 1
x[0] = 1  y[0] = 0
x[1] = 0  y[1] = 0
dist_func = 1
x[0] = 1  y[0] = 0
x[1] = 0  y[1] = 1
dist_func = 2
x[0] = 1  y[0] = 1
x[1] = 0  y[1] = 0
dist_func = 0
x[0] = 1  y[0] = 1
x[1] = 0  y[1] = 1
dist_func = 1
x[0] = 1  y[0] = 0
x[1] = 1  y[1] = 0
dist_func = 2
x[0] = 1  y[0] = 0
x[1] = 1  y[1] = 1
dist_func = 1
x[0] = 1  y[0] = 1
x[1] = 1  y[1] = 0
dist_func = 1
x[0] = 1  y[0] = 1
x[1] = 1  y[1] = 1
dist_func = 0
0
